Arguments: 
  C:\Program Files\nodejs\node.exe C:\Users\User\AppData\Roaming\npm\node_modules\yarn\bin\yarn.js add -D prisma-erd-generator @mermaid-js/mermaid-cli

PATH: 
  C:\Program Files\Common Files\Oracle\Java\javapath;C:\Python310\Scripts\;C:\Python310\;C:\Program Files (x86)\Common Files\Oracle\Java\javapath;C:\Windows\system32;C:\Windows;C:\Windows\System32\Wbem;C:\Windows\System32\WindowsPowerShell\v1.0\;C:\Windows\System32\OpenSSH\;C:\Program Files\dotnet\;C:\ProgramData\chocolatey\bin;C:\MinGW\bin;C:\Program Files\Git\cmd;C:\Program Files\nodejs\;C:\Users\User\AppData\Local\Microsoft\WindowsApps;C:\Users\User\AppData\Local\Programs\Microsoft VS Code\bin;C:\MinGW\bin;C:\Users\User\.dotnet\tools;C:\Users\User\AppData\Roaming\npm

Yarn version: 
  1.22.19

Node version: 
  19.8.1

Platform: 
  win32 x64

Trace: 
  Error: EPERM: operation not permitted, unlink 'C:\Users\User\Docs DevMe\prisma-review\node_modules\prisma\engines\d9a4c5988f480fa576d43970d5a23641aa77bc9c\query_engine-windows.dll.node'

npm manifest: 
  {
    "name": "prisma-review",
    "version": "1.0.0",
    "description": "",
    "main": "index.js",
    "scripts": {
      "test": "echo \"Error: no test specified\" && exit 1",
      "dev": "tsnd --respawn  --transpile-only  src/index.ts"
    },
    "keywords": [],
    "author": "",
    "license": "ISC",
    "devDependencies": {
      "@types/node": "^20.1.7",
      "prisma": "^4.14.1",
      "ts-node-dev": "^2.0.0",
      "typescript": "^5.0.4"
    },
    "dependencies": {
      "@prisma/client": "^4.14.1"
    }
  }

yarn manifest: 
  No manifest

Lockfile: 
  No lockfile
